proguard_logs/seeds.txt
com.douban.R$color: int background
com.douban.R$color: int blue
com.douban.R$color: int green
com.douban.R$color: int red
com.douban.R$color: int white
com.douban.R$dimen: int large
com.douban.R$dimen: int margin
com.douban.R$dimen: int medium
com.douban.R$drawable: int background
com.douban.R$drawable: int banner
com.douban.R$drawable: int border
com.douban.R$drawable: int button
com.douban.R$drawable: int dotted
com.douban.R$drawable: int header
com.douban.R$drawable: int logo
com.douban.R$drawable: int rounded_banner
com.douban.R$drawable: int rounded_rectangle
com.douban.R$drawable: int search
com.douban.R$id: int autoCompleteTextView
com.douban.R$id: int login
com.douban.R$id: int password
com.douban.R$id: int ratings
com.douban.R$id: int scan
com.douban.R$id: int search
com.douban.R$id: int search_list
com.douban.R$id: int subjectImage
com.douban.R$id: int summary
com.douban.R$id: int tab1
com.douban.R$id: int tab3
com.douban.R$id: int tabHost
com.douban.R$id: int tab_search
com.douban.R$id: int title
com.douban.R$id: int username
com.douban.R$id: int webView
com.douban.R$layout: int auth
com.douban.R$layout: int item_view
com.douban.R$layout: int list
com.douban.R$layout: int login
com.douban.R$layout: int main
com.douban.R$layout: int search
com.douban.R$layout: int view
com.douban.R$string: int app_name
com.douban.R$string: int login
com.douban.R$string: int password
com.douban.R$string: int scan
com.douban.R$string: int search
com.douban.R$string: int search_book_hint
com.douban.R$string: int username
com.douban.R$style: int main
com.douban.ui.Context
com.douban.ui.Context$
com.douban.ui.DoubanWebViewClient
com.douban.ui.LoginActivity
...
com.google.zxing.BarcodeFormat: com.google.zxing.BarcodeFormat[] values()
com.google.zxing.BarcodeFormat: com.google.zxing.BarcodeFormat valueOf(java.lang.String)
com.google.zxing.DecodeHintType: com.google.zxing.DecodeHintType[] values()
com.google.zxing.DecodeHintType: com.google.zxing.DecodeHintType valueOf(java.lang.String)
com.google.zxing.EncodeHintType: com.google.zxing.EncodeHintType[] values()
com.google.zxing.EncodeHintType: com.google.zxing.EncodeHintType valueOf(java.lang.String)
com.google.zxing.ResultMetadataType: com.google.zxing.ResultMetadataType[] values()
com.google.zxing.ResultMetadataType: com.google.zxing.ResultMetadataType valueOf(java.lang.String)
com.google.zxing.aztec.decoder.Decoder$Table: com.google.zxing.aztec.decoder.Decoder$Table[] values()
com.google.zxing.aztec.decoder.Decoder$Table: com.google.zxing.aztec.decoder.Decoder$Table valueOf(java.lang.String)
com.google.zxing.client.result.ParsedResultType: com.google.zxing.client.result.ParsedResultType[] values()
com.google.zxing.client.result.ParsedResultType: com.google.zxing.client.result.ParsedResultType valueOf(java.lang.String)
com.google.zxing.common.CharacterSetECI: com.google.zxing.common.CharacterSetECI[] values()
com.google.zxing.common.CharacterSetECI: com.google.zxing.common.CharacterSetECI valueOf(java.lang.String)
com.google.zxing.datamatrix.decoder.DecodedBitStreamParser$Mode: com.google.zxing.datamatrix.decoder.DecodedBitStreamParser$Mode[] values()
com.google.zxing.datamatrix.decoder.DecodedBitStreamParser$Mode: com.google.zxing.datamatrix.decoder.DecodedBitStreamParser$Mode valueOf(java.lang.String)
com.google.zxing.oned.rss.expanded.decoders.CurrentParsingState$State: com.google.zxing.oned.rss.expanded.decoders.CurrentParsingState$State[] values()
com.google.zxing.oned.rss.expanded.decoders.CurrentParsingState$State: com.google.zxing.oned.rss.expanded.decoders.CurrentParsingState$State valueOf(java.lang.String)
com.google.zxing.pdf417.decoder.DecodedBitStreamParser$Mode: com.google.zxing.pdf417.decoder.DecodedBitStreamParser$Mode[] values()
com.google.zxing.pdf417.decoder.DecodedBitStreamParser$Mode: com.google.zxing.pdf417.decoder.DecodedBitStreamParser$Mode valueOf(java.lang.String)
com.google.zxing.pdf417.encoder.Compaction: com.google.zxing.pdf417.encoder.Compaction[] values()
com.google.zxing.pdf417.encoder.Compaction: com.google.zxing.pdf417.encoder.Compaction valueOf(java.lang.String)
com.google.zxing.qrcode.decoder.ErrorCorrectionLevel: com.google.zxing.qrcode.decoder.ErrorCorrectionLevel[] values()
com.google.zxing.qrcode.decoder.ErrorCorrectionLevel: com.google.zxing.qrcode.decoder.ErrorCorrectionLevel valueOf(java.lang.String)
com.google.zxing.qrcode.decoder.Mode: com.google.zxing.qrcode.decoder.Mode[] values()
com.google.zxing.qrcode.decoder.Mode: com.google.zxing.qrcode.decoder.Mode valueOf(java.lang.String)