proguard_logs/usage.txt
com.douban.BuildConfig:
    public static final boolean DEBUG
com.douban.common.AccessToken:
    public static java.lang.String apply$default$5()
    public static java.lang.String apply$default$4()
    public static java.lang.String apply$default$3()
    public static java.lang.String $lessinit$greater$default$5()
    public static java.lang.String $lessinit$greater$default$4()
    public static java.lang.String $lessinit$greater$default$3()
    public static scala.Function1 tupled()
    public static scala.Function1 curried()
    48:48:public com.douban.common.AccessToken copy(java.lang.String,java.lang.String,java.lang.String,java.lang.String,java.lang.String)
    48:48:public java.lang.String copy$default$1()
    48:48:public java.lang.String copy$default$2()
    48:48:public java.lang.String copy$default$3()
    48:48:public java.lang.String copy$default$4()
    48:48:public java.lang.String copy$default$5()
com.douban.common.AccessToken$:
    48:48:public com.douban.common.AccessToken apply(java.lang.String,java.lang.String,java.lang.String,java.lang.String,java.lang.String)
    48:48:public scala.Option unapply(com.douban.common.AccessToken)
    48:48:public java.lang.String $lessinit$greater$default$3()
    48:48:public java.lang.String $lessinit$greater$default$4()
    48:48:public java.lang.String $lessinit$greater$default$5()
    48:48:private java.lang.Object readResolve()
    48:48:public bridge synthetic java.lang.Object apply(java.lang.Object,java.lang.Object,java.lang.Object,java.lang.Object,java.lang.Object)
com.douban.common.AccessTokenResult:
    public static scala.Function1 tupled()
    public static scala.Function1 curried()
    51:51:public void files_$eq(scala.collection.immutable.Map)
    51:51:public com.douban.common.AccessTokenResult copy(java.lang.String,long,java.lang.String,long)
    51:51:public java.lang.String copy$default$1()
    51:51:public long copy$default$2()
    51:51:public java.lang.String copy$default$3()
    51:51:public long copy$default$4()
    51:51:public AccessTokenResult(java.lang.String,long,java.lang.String,long)
com.douban.common.AccessTokenResult$:
    51:51:public com.douban.common.AccessTokenResult apply(java.lang.String,long,java.lang.String,long)
    51:51:public scala.Option unapply(com.douban.common.AccessTokenResult)
    51:51:private java.lang.Object readResolve()
    51:51:public bridge synthetic java.lang.Object apply(java.lang.Object,java.lang.Object,java.lang.Object,java.lang.Object)
com.douban.common.Auth:
    public static java.lang.String addApiKey()
    public static java.lang.String extractCode(java.lang.String)
    public static void douban_user_id_$eq(int)
    public static int douban_user_id()
    public static void refresh_token_$eq(java.lang.String)
    public static java.lang.String refresh_token()
    public static void access_token_$eq(java.lang.String)
    public static java.lang.String access_token()
    public static java.lang.String refresh_token_string()
    public static java.lang.String grant_type()
    public static java.lang.String response_type()
    public static void redirect_url_$eq(java.lang.String)
    public static java.lang.String redirect_url()
    public static java.lang.String token_url()
    public static java.lang.String auth_url()
    public static void scope_$eq(java.lang.String)
    public static java.lang.String scope()
    public static void code_$eq(java.lang.String)
    public static java.lang.String code()
    public static void secret_$eq(java.lang.String)
    public static java.lang.String secret()
    public static void api_key_$eq(java.lang.String)
    public static java.lang.String api_key()
...
scala.Function2$mcIDJ$sp
scala.Function2$mcIDJ$sp$class
scala.Function2$mcIID$sp
scala.Function2$mcIID$sp$class
scala.Function2$mcIII$sp:
    public abstract int apply(int,int)
scala.Function2$mcIIJ$sp
scala.Function2$mcIIJ$sp$class
scala.Function2$mcIJD$sp
scala.Function2$mcIJD$sp$class
scala.Function2$mcIJI$sp
scala.Function2$mcIJI$sp$class
scala.Function2$mcIJJ$sp
scala.Function2$mcIJJ$sp$class
scala.Function2$mcJDD$sp
scala.Function2$mcJDD$sp$class
scala.Function2$mcJDI$sp
scala.Function2$mcJDI$sp$class
scala.Function2$mcJDJ$sp
scala.Function2$mcJDJ$sp$class
scala.Function2$mcJID$sp
scala.Function2$mcJID$sp$class
scala.Function2$mcJII$sp
scala.Function2$mcJII$sp$class
scala.Function2$mcJIJ$sp
scala.Function2$mcJIJ$sp$class
scala.Function2$mcJJD$sp
scala.Function2$mcJJD$sp$class
scala.Function2$mcJJI$sp
scala.Function2$mcJJI$sp$class
scala.Function2$mcJJJ$sp
scala.Function2$mcJJJ$sp$class
scala.Function2$mcVDD$sp
scala.Function2$mcVDD$sp$class
scala.Function2$mcVDI$sp
scala.Function2$mcVDI$sp$class
scala.Function2$mcVDJ$sp
scala.Function2$mcVDJ$sp$class
scala.Function2$mcVID$sp
scala.Function2$mcVID$sp$class
scala.Function2$mcVII$sp
scala.Function2$mcVII$sp$class
scala.Function2$mcVIJ$sp
scala.Function2$mcVIJ$sp$class
scala.Function2$mcVJD$sp
scala.Function2$mcVJD$sp$class
scala.Function2$mcVJI$sp
scala.Function2$mcVJI$sp$class
scala.Function2$mcVJJ$sp
scala.Function2$mcVJJ$sp$class
scala.Function2$mcZDD$sp
scala.Function2$mcZDD$sp$class
scala.Function2$mcZDI$sp
scala.Function2$mcZDI$sp$class
scala.Function2$mcZDJ$sp
scala.Function2$mcZDJ$sp$class
scala.Function2$mcZID$sp
scala.Function2$mcZID$sp$class
scala.Function2$mcZII$sp
scala.Function2$mcZII$sp$class
scala.Function2$mcZIJ$sp
scala.Function2$mcZIJ$sp$class
scala.Function2$mcZJD$sp
scala.Function2$mcZJD$sp$class
scala.Function2$mcZJI$sp
scala.Function2$mcZJI$sp$class
scala.Function2$mcZJJ$sp
scala.Function2$mcZJJ$sp$class
scala.Function20
scala.Function20$$anonfun$curried$1
scala.Function20$$anonfun$curried$1$$anonfun$apply$1
scala.Function20$$anonfun$tupled$1
scala.Function20$class
scala.Function21
scala.Function21$$anonfun$curried$1
scala.Function21$$anonfun$curried$1$$anonfun$apply$1
scala.Function21$$anonfun$tupled$1
scala.Function21$class
scala.Function22:
    public abstract java.lang.Object apply(java.lang.Object,java.lang.Object,java.lang.Object,java.lang.Object,java.lang.Object,java.lang.Object,java.lang.Object,java.lang.Object,java.lang.Object,java.lang.Object,java.lang.Object,java.lang.Object,java.lang.Object,java.lang.Object,java.lang.Object,java.lang.Object,java.lang.Object,java.lang.Object,java.lang.Object,java.lang.Object,java.lang.Object,java.lang.Object)
    public abstract scala.Function1 curried()
    public abstract scala.Function1 tupled()
    public abstract java.lang.String toString()
scala.Function22$$anonfun$curried$1
scala.Function22$$anonfun$curried$1$$anonfun$apply$1
scala.Function22$$anonfun$tupled$1
scala.Function22$class:
    26:26:public static scala.Function1 curried(scala.Function22)
    34:34:public static scala.Function1 tupled(scala.Function22)
scala.Function3:
    public abstract java.lang.Object apply(java.lang.Object,java.lang.Object,java.lang.Object)
    public abstract scala.Function1 curried()
    public abstract scala.Function1 tupled()
    public abstract java.lang.String toString()
scala.Function3$$anonfun$curried$1
scala.Function3$$anonfun$curried$1$$anonfun$apply$1
scala.Function3$$anonfun$curried$1$$anonfun$apply$1$$anonfun$apply$2
scala.Function3$$anonfun$tupled$1
scala.Function3$class:
    26:26:public static scala.Function1 curried(scala.Function3)
    34:34:public static scala.Function1 tupled(scala.Function3)
scala.Function4:
    public abstract java.lang.Object apply(java.lang.Object,java.lang.Object,java.lang.Object,java.lang.Object)
    public abstract scala.Function1 curried()
    public abstract scala.Function1 tupled()
    public abstract java.lang.String toString()
scala.Function4$$anonfun$curried$1